[johns-tattoos.webflow.io/index.html]
[backblue.gif]
[fade.gif]
[index.html]
[assets.website-files.com/62d0091ccfac750a16884180/css/johns-tattoos.0161ba87e.min.css]
[assets.website-files.com/62d0091ccfac750a16884180/62d5535f869dc421afa3d760_Favicon.png]
[assets.website-files.com/62d0091ccfac750a16884180/62d553631b69728d1e0b6763_Webclip.png]
[johns-tattoos.webflow.io/articles.html]
[johns-tattoos.webflow.io/contact.html]
[assets.website-files.com/62d0091ccfac750a16884180/62d0119f2b16b66b96899f9b_Instagram logo.svg]
[assets.website-files.com/62d0091ccfac750a16884180/62d0195ed14b937dc1ed63a5_jasmin-chew-WbWOF8z_NGQ-unsplash.webp]
[assets.website-files.com/62d0091ccfac750a16884180/62d0195e9379566745edadaa_h-f-e-co-studio-t0wpEbRbnJ4-unsplash.webp]
[assets.website-files.com/62d0091ccfac750a16884180/62d0195e45107272346f9d08_benjamin-lehman-5t4qCgtaLGU-unsplash.webp]
[assets.website-files.com/62d0091ccfac750a16884180/62d0195e22f09c3bb9b116a2_stories-ink-tattoo-care-kZuIc5Jtmfc-unsplash.webp]
[assets.website-files.com/62d0091ccfac750a16884180/62d0195ed533d52963aea20f_jamakassi-Lw4tNcvEaE8-unsplash.webp]
[assets.website-files.com/62d0091ccfac750a16884180/62d0195e060129041ac60988_allef-vinicius-hxNiXP498UI-unsplash.webp]
[assets.website-files.com/62d0091ccfac750a16884180/62d0195e3be3d435c582d5c7_lucas-lenzi-zeT_i6av9rU-unsplash.webp]
[assets.website-files.com/62d0091ccfac750a16884180/62d0195ecd5cb48d78601ea9_allef-vinicius-M47HaQ1D__c-unsplash.webp]
[assets.website-files.com/62d0091ccfac750a16884180/62d027d142254816d029346a_person image (3) (1).webp]
[assets.website-files.com/62d0091ccfac750a16884180/62d27953b7f9bcf9d31d9851_Star review.svg]
[assets.website-files.com/62d0091ccfac750a16884180/62d0195ed533d557f7aea20a_seyi-ariyo-LEjVES-wIIc-unsplash.webp]
[johns-tattoos.webflow.io/post/7-must-have-tools-for-web-designers.html]
[assets.website-files.com/62d285f449ba53b949c96d13/62d285f834f1829f4f8d9c19_1657964024096-image4.jpg]
[johns-tattoos.webflow.io/post/10-great-examples-of-responsive-websites.html]
[assets.website-files.com/62d285f449ba53b949c96d13/62d285f8b7f9bcc9191e337f_1657964024208-image14.jpg]
[johns-tattoos.webflow.io/post/7-things-about-web-design-your-boss-wants-to-know.html]
[assets.website-files.com/62d0091ccfac750a16884180/62d28d0e683aff812d8f2e04_Instagram logo_black.svg]
[d3e54v103j8qbb.cloudfront.net/js/jquery-3.5.1.min.dc5e7f18c87f67.js]
[johns-tattoos.webflow.io/index.html]
[assets.website-files.com/62d0091ccfac750a16884180/js/johns-tattoos.f4f544754.js]
[assets.website-files.com/62d0091ccfac750a16884180/62d00a361f6df41269b54f0d_Futura Extra Black font.ttf]
[assets.website-files.com/62d0091ccfac750a16884180/62d00a36451072dc726eeb29_Futura Heavy font.ttf]
[assets.website-files.com/62d0091ccfac750a16884180/62d00a36e143163533c67884_Futura Book font.ttf]
[assets.website-files.com/62d0091ccfac750a16884180/62d00a36e64456b030e80f29_futura light bt.ttf]
[assets.website-files.com/62d0091ccfac750a16884180/62d00a36cb06c4915bb5f436_Futura Heavy Italic font.ttf]
[assets.website-files.com/62d0091ccfac750a16884180/62d00a36060129238bc557c7_Futura Light Italic font.ttf]
[assets.website-files.com/62d0091ccfac750a16884180/css/johns-tattoos.0161ba87e.min.css]
[assets.website-files.com/62d0091ccfac750a16884180/62d00a366783f49c7303cc0e_Futura Book Italic font.ttf]
[johns-tattoos.webflow.io/post/15-best-blogs-to-follow-about-web-design.html]
[assets.website-files.com/62d285f449ba53b949c96d13/62d285f834f1821cc48d9c18_1657964024063-image3.jpg]
[johns-tattoos.webflow.io/post/7-of-the-best-examples-of-beautiful-blog-design.html]
[assets.website-files.com/62d285f449ba53b949c96d13/62d285f8683aff87a08edd16_1657964023720-image11.jpg]
[johns-tattoos.webflow.io/articles.html]
[johns-tattoos.webflow.io/contact.html]
[assets.website-files.com/62d0091ccfac750a16884180/62d01196654fb152be9b94c2_Facebook logo.svg]
[assets.website-files.com/62d0091ccfac750a16884180/62d0119f2b16b66b96899f9b_Instagram logo.svg]
[assets.website-files.com/62d0091ccfac750a16884180/62d02081a9b59c6085ef5474_Arrow right.svg]
[assets.website-files.com/62d0091ccfac750a16884180/62d27953b7f9bcf9d31d9851_Star review.svg]
[assets.website-files.com/62d285f449ba53b949c96d13/62d285f809ffbd6ab484059c_1657964024098-image13.jpg]
[johns-tattoos.webflow.io/post/7-must-have-tools-for-web-designers.html]
[assets.website-files.com/62d285f449ba53b949c96d13/62d285f85d3ddbe7617c2dc1_1657964024062-image8.jpg]
[johns-tattoos.webflow.io/post/10-great-examples-of-responsive-websites.html]
[johns-tattoos.webflow.io/post/7-things-about-web-design-your-boss-wants-to-know.html]
[assets.website-files.com/62d0091ccfac750a16884180/62d28d0c360d59586139ceb4_Facebook logo_black.svg]
[assets.website-files.com/62d0091ccfac750a16884180/62d28d0e683aff812d8f2e04_Instagram logo_black.svg]
[assets.website-files.com/62d285f449ba53b949c96d13/62d285f89c135791dfa269d5_1657964024097-image19.jpg]
[johns-tattoos.webflow.io/post/15-best-blogs-to-follow-about-web-design.html]
[johns-tattoos.webflow.io/post/7-of-the-best-examples-of-beautiful-blog-design.html]
